# JRE version: OpenJDK Runtime Environment Homebrew (21.0.5) (build 21.0.5)
# Java VM: OpenJDK 64-Bit Server VM Homebrew (21.0.5, mixed mode, sharing, tiered, compressed oops, compressed class ptrs, g1 gc, bsd-aarch64)
GC Precious Log:
 CardTable entry size: 512
 Card Set container configuration: InlinePtr #cards 4 size 8 Array Of Cards #cards 16 size 48 Howl #buckets 8 coarsen threshold 3686 Howl Bitmap #cards 512 size 80 coarsen threshold 460 Card regions per heap region 1 cards per card region 4096
 CPUs: 8 total, 8 available
 Memory: 16384M
 Large Page Support: Disabled
 NUMA Support: Disabled
 Compressed Oops: Enabled (Zero based)
 Heap Region Size: 2M
 Heap Min Capacity: 8M
 Heap Initial Capacity: 256M
 Heap Max Capacity: 4G
 Pre-touch: Disabled
 Parallel Workers: 8
 Concurrent Workers: 2
 Concurrent Refinement Workers: 8
 Periodic GC: Disabled
Heap:
 garbage-first heap   total 98304K, used 73213K [0x0000000700000000, 0x0000000800000000)
  region size 2048K, 18 young (36864K), 1 survivors (2048K)
 Metaspace       used 87686K, committed 88576K, reserved 1179648K
  class space    used 11618K, committed 12032K, reserved 1048576K
GC Heap History (20 events):
Event: 1.145 GC heap before
{Heap before GC invocations=6 (full 0):
 garbage-first heap   total 55296K, used 41437K [0x0000000700000000, 0x0000000800000000)
  region size 2048K, 13 young (26624K), 1 survivors (2048K)
 Metaspace       used 27929K, committed 28416K, reserved 1114112K
  class space    used 3411K, committed 3648K, reserved 1048576K
}
Event: 1.148 GC heap after
{Heap after GC invocations=7 (full 0):
 garbage-first heap   total 159744K, used 19089K [0x0000000700000000, 0x0000000800000000)
  region size 2048K, 2 young (4096K), 2 survivors (4096K)
 Metaspace       used 27929K, committed 28416K, reserved 1114112K
  class space    used 3411K, committed 3648K, reserved 1048576K
}
Event: 1.495 GC heap before
{Heap before GC invocations=7 (full 0):
 garbage-first heap   total 159744K, used 58001K [0x0000000700000000, 0x0000000800000000)
  region size 2048K, 23 young (47104K), 2 survivors (4096K)
 Metaspace       used 35542K, committed 36096K, reserved 1114112K
  class space    used 4379K, committed 4672K, reserved 1048576K
}
Event: 1.499 GC heap after
{Heap after GC invocations=8 (full 0):
 garbage-first heap   total 159744K, used 22875K [0x0000000700000000, 0x0000000800000000)
  region size 2048K, 4 young (8192K), 4 survivors (8192K)
 Metaspace       used 35542K, committed 36096K, reserved 1114112K
  class space    used 4379K, committed 4672K, reserved 1048576K
}
Event: 1.806 GC heap before
{Heap before GC invocations=9 (full 0):
 garbage-first heap   total 81920K, used 63835K [0x0000000700000000, 0x0000000800000000)
  region size 2048K, 24 young (49152K), 4 survivors (8192K)
 Metaspace       used 43328K, committed 43904K, reserved 1114112K
  class space    used 5270K, committed 5504K, reserved 1048576K
}
Event: 1.810 GC heap after
{Heap after GC invocations=10 (full 0):
 garbage-first heap   total 81920K, used 25677K [0x0000000700000000, 0x0000000800000000)
  region size 2048K, 2 young (4096K), 2 survivors (4096K)
 Metaspace       used 43328K, committed 43904K, reserved 1114112K
  class space    used 5270K, committed 5504K, reserved 1048576K
}
Event: 2.104 GC heap before
{Heap before GC invocations=10 (full 0):
 garbage-first heap   total 81920K, used 64589K [0x0000000700000000, 0x0000000800000000)
  region size 2048K, 21 young (43008K), 2 survivors (4096K)
 Metaspace       used 52330K, committed 52928K, reserved 1114112K
  class space    used 6643K, committed 6912K, reserved 1048576K
}
Event: 2.109 GC heap after
{Heap after GC invocations=11 (full 0):
 garbage-first heap   total 81920K, used 27412K [0x0000000700000000, 0x0000000800000000)
  region size 2048K, 3 young (6144K), 3 survivors (6144K)
 Metaspace       used 52330K, committed 52928K, reserved 1114112K
  class space    used 6643K, committed 6912K, reserved 1048576K
}
Event: 2.288 GC heap before
{Heap before GC invocations=11 (full 0):
 garbage-first heap   total 81920K, used 51988K [0x0000000700000000, 0x0000000800000000)
  region size 2048K, 16 young (32768K), 3 survivors (6144K)
 Metaspace       used 59916K, committed 60480K, reserved 1114112K
  class space    used 7671K, committed 7936K, reserved 1048576K
}
Event: 2.291 GC heap after
{Heap after GC invocations=12 (full 0):
 garbage-first heap   total 81920K, used 30768K [0x0000000700000000, 0x0000000800000000)
  region size 2048K, 2 young (4096K), 2 survivors (4096K)
 Metaspace       used 59916K, committed 60480K, reserved 1114112K
  class space    used 7671K, committed 7936K, reserved 1048576K
}
Event: 2.615 GC heap before
{Heap before GC invocations=13 (full 0):
 garbage-first heap   total 81920K, used 69680K [0x0000000700000000, 0x0000000800000000)
  region size 2048K, 21 young (43008K), 2 survivors (4096K)
 Metaspace       used 67847K, committed 68544K, reserved 1114112K
  class space    used 8888K, committed 9216K, reserved 1048576K
}
Event: 2.618 GC heap after
{Heap after GC invocations=14 (full 0):
 garbage-first heap   total 81920K, used 33164K [0x0000000700000000, 0x0000000800000000)
  region size 2048K, 2 young (4096K), 2 survivors (4096K)
 Metaspace       used 67847K, committed 68544K, reserved 1114112K
  class space    used 8888K, committed 9216K, reserved 1048576K
}
Event: 2.874 GC heap before
{Heap before GC invocations=14 (full 0):
 garbage-first heap   total 81920K, used 72076K [0x0000000700000000, 0x0000000800000000)
  region size 2048K, 21 young (43008K), 2 survivors (4096K)
 Metaspace       used 72525K, committed 73280K, reserved 1114112K
  class space    used 9517K, committed 9856K, reserved 1048576K
}
Event: 2.878 GC heap after
{Heap after GC invocations=15 (full 0):
 garbage-first heap   total 81920K, used 35141K [0x0000000700000000, 0x0000000800000000)
  region size 2048K, 3 young (6144K), 3 survivors (6144K)
 Metaspace       used 72525K, committed 73280K, reserved 1114112K
  class space    used 9517K, committed 9856K, reserved 1048576K
}
Event: 3.067 GC heap before
{Heap before GC invocations=15 (full 0):
 garbage-first heap   total 81920K, used 69957K [0x0000000700000000, 0x0000000800000000)
  region size 2048K, 20 young (40960K), 3 survivors (6144K)
 Metaspace       used 74676K, committed 75456K, reserved 1179648K
  class space    used 9814K, committed 10176K, reserved 1048576K
}
Event: 3.070 GC heap after
{Heap after GC invocations=16 (full 0):
 garbage-first heap   total 98304K, used 38237K [0x0000000700000000, 0x0000000800000000)
  region size 2048K, 3 young (6144K), 3 survivors (6144K)
 Metaspace       used 74676K, committed 75456K, reserved 1179648K
  class space    used 9814K, committed 10176K, reserved 1048576K
}
Event: 3.276 GC heap before
{Heap before GC invocations=16 (full 0):
 garbage-first heap   total 98304K, used 83293K [0x0000000700000000, 0x0000000800000000)
  region size 2048K, 25 young (51200K), 3 survivors (6144K)
 Metaspace       used 77308K, committed 78144K, reserved 1179648K
  class space    used 10200K, committed 10560K, reserved 1048576K
}
Event: 3.282 GC heap after
{Heap after GC invocations=17 (full 0):
 garbage-first heap   total 98304K, used 41727K [0x0000000700000000, 0x0000000800000000)
  region size 2048K, 4 young (8192K), 4 survivors (8192K)
 Metaspace       used 77308K, committed 78144K, reserved 1179648K
  class space    used 10200K, committed 10560K, reserved 1048576K
}
Event: 3.837 GC heap before
{Heap before GC invocations=17 (full 0):
 garbage-first heap   total 98304K, used 78591K [0x0000000700000000, 0x0000000800000000)
  region size 2048K, 23 young (47104K), 4 survivors (8192K)
 Metaspace       used 82098K, committed 83072K, reserved 1179648K
  class space    used 10888K, committed 11328K, reserved 1048576K
}
Event: 3.843 GC heap after
{Heap after GC invocations=18 (full 0):
 garbage-first heap   total 98304K, used 42493K [0x0000000700000000, 0x0000000800000000)
  region size 2048K, 1 young (2048K), 1 survivors (2048K)
 Metaspace       used 82098K, committed 83072K, reserved 1179648K
  class space    used 10888K, committed 11328K, reserved 1048576K
}

